<!DOCTYPE html PUBLIC "-//W3C//DTD XHTML 1.1//EN" "https://www.w3.org/TR/xhtml11/DTD/xhtml11.dtd">
<html xmlns="https://www.w3.org/1999/xhtml">
<head>
<meta http-equiv="content-type" content="text/html; charset=UTF-8"/>
<title>TestNG Report</title>
<style type="text/css">table {margin-bottom:10px;border-collapse:collapse;empty-cells:show}th,td {border:1px solid #009;padding:.25em .5em}th {vertical-align:bottom}td {vertical-align:top}table a {font-weight:bold}.stripe td {background-color: #E6EBF9}.num {text-align:right}.passedodd td {background-color: #3F3}.passedeven td {background-color: #0A0}.skippedodd td {background-color: #DDD}.skippedeven td {background-color: #CCC}.failedodd td,.attn {background-color: #F33}.failedeven td,.stripe .attn {background-color: #D00}.stacktrace {white-space:pre;font-family:monospace}.totop {font-size:85%;text-align:center;border-bottom:2px solid #000}.invisible {display:none}</style>
</head>
<body>
<table>
<tr><th>Test</th><th># Passed</th><th># Skipped</th><th># Retried</th><th># Failed</th><th>Time (ms)</th><th>Included Groups</th><th>Excluded Groups</th></tr>
<tr><th colspan="8">Default suite</th></tr>
<tr><td><a href="#t0">Default test</a></td><td class="num">19</td><td class="num">0</td><td class="num">0</td><td class="num attn">2</td><td class="num">69,012</td><td></td><td></td></tr>
</table>
<table id='summary'><thead><tr><th>Class</th><th>Method</th><th>Start</th><th>Time (ms)</th></tr></thead><tbody><tr><th colspan="4">Default suite</th></tr></tbody><tbody id="t0"><tr><th colspan="4">Default test &#8212; failed</th></tr><tr class="failedeven"><td rowspan="2">ui.TestGetData</td><td><a href="#m0">testLogin</a></td><td rowspan="1">1710982364008</td><td rowspan="1">58</td></tr><tr class="failedeven"><td><a href="#m1">testLogin0</a></td><td rowspan="1">1710982364229</td><td rowspan="1">33</td></tr><tr><th colspan="4">Default test &#8212; passed</th></tr><tr class="passedeven"><td rowspan="19">ui.TestGetData</td><td><a href="#m2">testGetListSach</a></td><td rowspan="6">1710982354046</td><td rowspan="6">9898</td></tr><tr class="passedeven"><td><a href="#m3">testGetListSach</a></td></tr><tr class="passedeven"><td><a href="#m4">testGetListSach</a></td></tr><tr class="passedeven"><td><a href="#m5">testGetListSach</a></td></tr><tr class="passedeven"><td><a href="#m6">testGetListSach</a></td></tr><tr class="passedeven"><td><a href="#m7">testGetListSach</a></td></tr><tr class="passedeven"><td><a href="#m8">testLogin</a></td><td rowspan="4">1710982364078</td><td rowspan="4">37</td></tr><tr class="passedeven"><td><a href="#m9">testLogin</a></td></tr><tr class="passedeven"><td><a href="#m10">testLogin</a></td></tr><tr class="passedeven"><td><a href="#m11">testLogin</a></td></tr><tr class="passedeven"><td><a href="#m12">testLogin0</a></td><td rowspan="4">1710982364343</td><td rowspan="4">32</td></tr><tr class="passedeven"><td><a href="#m13">testLogin0</a></td></tr><tr class="passedeven"><td><a href="#m14">testLogin0</a></td></tr><tr class="passedeven"><td><a href="#m15">testLogin0</a></td></tr><tr class="passedeven"><td><a href="#m16">testLoginMinus1</a></td><td rowspan="5">1710982364526</td><td rowspan="5">29</td></tr><tr class="passedeven"><td><a href="#m17">testLoginMinus1</a></td></tr><tr class="passedeven"><td><a href="#m18">testLoginMinus1</a></td></tr><tr class="passedeven"><td><a href="#m19">testLoginMinus1</a></td></tr><tr class="passedeven"><td><a href="#m20">testLoginMinus1</a></td></tr></tbody>
</table>
<h2>Default test</h2><h3 id="m0">ui.TestGetData#testLogin</h3><table class="result"><tr class="param"><th>Parameter #1</th><th>Parameter #2</th></tr><tr class="param stripe"><td>nvqlsach</td><td>abc</td></tr><tr><th colspan="2">Exception</th></tr><tr><td colspan="2"><div class="stacktrace">java.lang.AssertionError: Get book failed expected [false] but found [true]
	at org.testng.Assert.fail(Assert.java:111)
	at org.testng.Assert.failNotEquals(Assert.java:1578)
	at org.testng.Assert.assertFalse(Assert.java:79)
	at ui.TestGetData.testLogin(TestGetData.java:79)
	at java.base/jdk.internal.reflect.NativeMethodAccessorImpl.invoke0(Native Method)
	at java.base/jdk.internal.reflect.NativeMethodAccessorImpl.invoke(NativeMethodAccessorImpl.java:77)
	at java.base/jdk.internal.reflect.DelegatingMethodAccessorImpl.invoke(DelegatingMethodAccessorImpl.java:43)
	at java.base/java.lang.reflect.Method.invoke(Method.java:568)
	at org.testng.internal.invokers.MethodInvocationHelper.invokeMethod(MethodInvocationHelper.java:139)
	at org.testng.internal.invokers.TestInvoker.invokeMethod(TestInvoker.java:664)
	at org.testng.internal.invokers.TestInvoker.invokeTestMethod(TestInvoker.java:228)
	at org.testng.internal.invokers.MethodRunner.runInSequence(MethodRunner.java:63)
	at org.testng.internal.invokers.TestInvoker$MethodInvocationAgent.invoke(TestInvoker.java:961)
	at org.testng.internal.invokers.TestInvoker.invokeTestMethods(TestInvoker.java:201)
	at org.testng.internal.invokers.TestMethodWorker.invokeTestMethods(TestMethodWorker.java:148)
	at org.testng.internal.invokers.TestMethodWorker.run(TestMethodWorker.java:128)
	at java.base/java.util.ArrayList.forEach(ArrayList.java:1511)
	at org.testng.TestRunner.privateRun(TestRunner.java:819)
	at org.testng.TestRunner.run(TestRunner.java:619)
	at org.testng.SuiteRunner.runTest(SuiteRunner.java:443)
	at org.testng.SuiteRunner.runSequentially(SuiteRunner.java:437)
	at org.testng.SuiteRunner.privateRun(SuiteRunner.java:397)
	at org.testng.SuiteRunner.run(SuiteRunner.java:336)
	at org.testng.SuiteRunnerWorker.runSuite(SuiteRunnerWorker.java:52)
	at org.testng.SuiteRunnerWorker.run(SuiteRunnerWorker.java:95)
	at org.testng.TestNG.runSuitesSequentially(TestNG.java:1301)
	at org.testng.TestNG.runSuitesLocally(TestNG.java:1228)
	at org.testng.TestNG.runSuites(TestNG.java:1134)
	at org.testng.TestNG.run(TestNG.java:1101)
	at org.testng.remote.AbstractRemoteTestNG.run(AbstractRemoteTestNG.java:115)
	at org.testng.remote.RemoteTestNG.initAndRun(RemoteTestNG.java:251)
	at org.testng.remote.RemoteTestNG.main(RemoteTestNG.java:77)
</div></td></tr></table><p class="totop"><a href="#summary">back to summary</a></p>
<h3 id="m1">ui.TestGetData#testLogin0</h3><table class="result"><tr class="param"><th>Parameter #1</th><th>Parameter #2</th></tr><tr class="param stripe"><td>nvqlsach</td><td>123</td></tr><tr><th colspan="2">Exception</th></tr><tr><td colspan="2"><div class="stacktrace">java.lang.AssertionError: Get book failed expected [false] but found [true]
	at org.testng.Assert.fail(Assert.java:111)
	at org.testng.Assert.failNotEquals(Assert.java:1578)
	at org.testng.Assert.assertFalse(Assert.java:79)
	at ui.TestGetData.testLogin0(TestGetData.java:101)
	at java.base/jdk.internal.reflect.NativeMethodAccessorImpl.invoke0(Native Method)
	at java.base/jdk.internal.reflect.NativeMethodAccessorImpl.invoke(NativeMethodAccessorImpl.java:77)
	at java.base/jdk.internal.reflect.DelegatingMethodAccessorImpl.invoke(DelegatingMethodAccessorImpl.java:43)
	at java.base/java.lang.reflect.Method.invoke(Method.java:568)
	at org.testng.internal.invokers.MethodInvocationHelper.invokeMethod(MethodInvocationHelper.java:139)
	at org.testng.internal.invokers.TestInvoker.invokeMethod(TestInvoker.java:664)
	at org.testng.internal.invokers.TestInvoker.invokeTestMethod(TestInvoker.java:228)
	at org.testng.internal.invokers.MethodRunner.runInSequence(MethodRunner.java:63)
	at org.testng.internal.invokers.TestInvoker$MethodInvocationAgent.invoke(TestInvoker.java:961)
	at org.testng.internal.invokers.TestInvoker.invokeTestMethods(TestInvoker.java:201)
	at org.testng.internal.invokers.TestMethodWorker.invokeTestMethods(TestMethodWorker.java:148)
	at org.testng.internal.invokers.TestMethodWorker.run(TestMethodWorker.java:128)
	at java.base/java.util.ArrayList.forEach(ArrayList.java:1511)
	at org.testng.TestRunner.privateRun(TestRunner.java:819)
	at org.testng.TestRunner.run(TestRunner.java:619)
	at org.testng.SuiteRunner.runTest(SuiteRunner.java:443)
	at org.testng.SuiteRunner.runSequentially(SuiteRunner.java:437)
	at org.testng.SuiteRunner.privateRun(SuiteRunner.java:397)
	at org.testng.SuiteRunner.run(SuiteRunner.java:336)
	at org.testng.SuiteRunnerWorker.runSuite(SuiteRunnerWorker.java:52)
	at org.testng.SuiteRunnerWorker.run(SuiteRunnerWorker.java:95)
	at org.testng.TestNG.runSuitesSequentially(TestNG.java:1301)
	at org.testng.TestNG.runSuitesLocally(TestNG.java:1228)
	at org.testng.TestNG.runSuites(TestNG.java:1134)
	at org.testng.TestNG.run(TestNG.java:1101)
	at org.testng.remote.AbstractRemoteTestNG.run(AbstractRemoteTestNG.java:115)
	at org.testng.remote.RemoteTestNG.initAndRun(RemoteTestNG.java:251)
	at org.testng.remote.RemoteTestNG.main(RemoteTestNG.java:77)
</div></td></tr></table><p class="totop"><a href="#summary">back to summary</a></p>
<h3 id="m2">ui.TestGetData#testGetListSach</h3><table class="result"><tr class="param"><th>Parameter #1</th><th>Parameter #2</th><th>Parameter #3</th><th>Parameter #4</th></tr><tr class="param stripe"><td>humour</td><td>1</td><td>false</td><td>false</td></tr></table><p class="totop"><a href="#summary">back to summary</a></p>
<h3 id="m3">ui.TestGetData#testGetListSach</h3><table class="result"><tr class="param"><th>Parameter #1</th><th>Parameter #2</th><th>Parameter #3</th><th>Parameter #4</th></tr><tr class="param stripe"><td>dune</td><td>1</td><td>false</td><td>true</td></tr></table><p class="totop"><a href="#summary">back to summary</a></p>
<h3 id="m4">ui.TestGetData#testGetListSach</h3><table class="result"><tr class="param"><th>Parameter #1</th><th>Parameter #2</th><th>Parameter #3</th><th>Parameter #4</th></tr><tr class="param stripe"><td>sense</td><td>1</td><td>false</td><td>false</td></tr></table><p class="totop"><a href="#summary">back to summary</a></p>
<h3 id="m5">ui.TestGetData#testGetListSach</h3><table class="result"><tr class="param"><th>Parameter #1</th><th>Parameter #2</th><th>Parameter #3</th><th>Parameter #4</th></tr><tr class="param stripe"><td>Rune</td><td>1</td><td>false</td><td>true</td></tr></table><p class="totop"><a href="#summary">back to summary</a></p>
<h3 id="m6">ui.TestGetData#testGetListSach</h3><table class="result"><tr class="param"><th>Parameter #1</th><th>Parameter #2</th><th>Parameter #3</th><th>Parameter #4</th></tr><tr class="param stripe"><td>Headfirst Java</td><td>1</td><td>false</td><td>true</td></tr></table><p class="totop"><a href="#summary">back to summary</a></p>
<h3 id="m7">ui.TestGetData#testGetListSach</h3><table class="result"><tr class="param"><th>Parameter #1</th><th>Parameter #2</th><th>Parameter #3</th><th>Parameter #4</th></tr><tr class="param stripe"><td>Witch</td><td>1</td><td>false</td><td>false</td></tr></table><p class="totop"><a href="#summary">back to summary</a></p>
<h3 id="m8">ui.TestGetData#testLogin</h3><table class="result"><tr class="param"><th>Parameter #1</th><th>Parameter #2</th></tr><tr class="param stripe"><td>chauphat2111</td><td>123</td></tr></table><p class="totop"><a href="#summary">back to summary</a></p>
<h3 id="m9">ui.TestGetData#testLogin</h3><table class="result"><tr class="param"><th>Parameter #1</th><th>Parameter #2</th></tr><tr class="param stripe"><td>noiBo</td><td>123</td></tr></table><p class="totop"><a href="#summary">back to summary</a></p>
<h3 id="m10">ui.TestGetData#testLogin</h3><table class="result"><tr class="param"><th>Parameter #1</th><th>Parameter #2</th></tr><tr class="param stripe"><td>khoa123</td><td>123</td></tr></table><p class="totop"><a href="#summary">back to summary</a></p>
<h3 id="m11">ui.TestGetData#testLogin</h3><table class="result"><tr class="param"><th>Parameter #1</th><th>Parameter #2</th></tr><tr class="param stripe"><td>reader</td><td>123</td></tr></table><p class="totop"><a href="#summary">back to summary</a></p>
<h3 id="m12">ui.TestGetData#testLogin0</h3><table class="result"><tr class="param"><th>Parameter #1</th><th>Parameter #2</th></tr><tr class="param stripe"><td>reader</td><td>abc</td></tr></table><p class="totop"><a href="#summary">back to summary</a></p>
<h3 id="m13">ui.TestGetData#testLogin0</h3><table class="result"><tr class="param"><th>Parameter #1</th><th>Parameter #2</th></tr><tr class="param stripe"><td>khoa123</td><td>abc</td></tr></table><p class="totop"><a href="#summary">back to summary</a></p>
<h3 id="m14">ui.TestGetData#testLogin0</h3><table class="result"><tr class="param"><th>Parameter #1</th><th>Parameter #2</th></tr><tr class="param stripe"><td>noiBo</td><td>abc</td></tr></table><p class="totop"><a href="#summary">back to summary</a></p>
<h3 id="m15">ui.TestGetData#testLogin0</h3><table class="result"><tr class="param"><th>Parameter #1</th><th>Parameter #2</th></tr><tr class="param stripe"><td>chauphat2111</td><td>abc</td></tr></table><p class="totop"><a href="#summary">back to summary</a></p>
<h3 id="m16">ui.TestGetData#testLoginMinus1</h3><table class="result"><tr class="param"><th>Parameter #1</th><th>Parameter #2</th></tr><tr class="param stripe"><td>xreader</td><td>abc</td></tr></table><p class="totop"><a href="#summary">back to summary</a></p>
<h3 id="m17">ui.TestGetData#testLoginMinus1</h3><table class="result"><tr class="param"><th>Parameter #1</th><th>Parameter #2</th></tr><tr class="param stripe"><td>noiBox</td><td>abc</td></tr></table><p class="totop"><a href="#summary">back to summary</a></p>
<h3 id="m18">ui.TestGetData#testLoginMinus1</h3><table class="result"><tr class="param"><th>Parameter #1</th><th>Parameter #2</th></tr><tr class="param stripe"><td>xchauphat2111</td><td>abc</td></tr></table><p class="totop"><a href="#summary">back to summary</a></p>
<h3 id="m19">ui.TestGetData#testLoginMinus1</h3><table class="result"><tr class="param"><th>Parameter #1</th><th>Parameter #2</th></tr><tr class="param stripe"><td>xkhoa123</td><td>abc</td></tr></table><p class="totop"><a href="#summary">back to summary</a></p>
<h3 id="m20">ui.TestGetData#testLoginMinus1</h3><table class="result"><tr class="param"><th>Parameter #1</th><th>Parameter #2</th></tr><tr class="param stripe"><td>xnvqlsach</td><td>123</td></tr></table><p class="totop"><a href="#summary">back to summary</a></p>
</body>
</html>
